{"D:\\Social-Media-Platform\\backend\\controllers\\message.controller.js": {"path":"D:\\Social-Media-Platform\\backend\\controllers\\message.controller.js","statementMap":{"0":{"start":{"line":5,"column":27},"end":{"line":42,"column":1}},"1":{"start":{"line":6,"column":4},"end":{"line":41,"column":5}},"2":{"start":{"line":7,"column":25},"end":{"line":7,"column":31}},"3":{"start":{"line":8,"column":27},"end":{"line":8,"column":40}},"4":{"start":{"line":9,"column":38},"end":{"line":9,"column":46}},"5":{"start":{"line":11,"column":27},"end":{"line":13,"column":10}},"6":{"start":{"line":15,"column":8},"end":{"line":19,"column":9}},"7":{"start":{"line":16,"column":12},"end":{"line":18,"column":14}},"8":{"start":{"line":20,"column":27},"end":{"line":24,"column":10}},"9":{"start":{"line":25,"column":8},"end":{"line":25,"column":66}},"10":{"start":{"line":25,"column":23},"end":{"line":25,"column":66}},"11":{"start":{"line":27,"column":8},"end":{"line":27,"column":66}},"12":{"start":{"line":30,"column":33},"end":{"line":30,"column":64}},"13":{"start":{"line":31,"column":8},"end":{"line":33,"column":9}},"14":{"start":{"line":32,"column":12},"end":{"line":32,"column":67}},"15":{"start":{"line":35,"column":8},"end":{"line":38,"column":10}},"16":{"start":{"line":40,"column":8},"end":{"line":40,"column":27}},"17":{"start":{"line":43,"column":26},"end":{"line":70,"column":1}},"18":{"start":{"line":44,"column":4},"end":{"line":69,"column":5}},"19":{"start":{"line":45,"column":25},"end":{"line":45,"column":31}},"20":{"start":{"line":46,"column":27},"end":{"line":46,"column":40}},"21":{"start":{"line":48,"column":29},"end":{"line":50,"column":31}},"22":{"start":{"line":52,"column":8},"end":{"line":57,"column":9}},"23":{"start":{"line":53,"column":12},"end":{"line":56,"column":15}},"24":{"start":{"line":59,"column":8},"end":{"line":62,"column":11}},"25":{"start":{"line":64,"column":8},"end":{"line":64,"column":53}},"26":{"start":{"line":65,"column":8},"end":{"line":68,"column":11}}},"fnMap":{"0":{"name":"(anonymous_0)","decl":{"start":{"line":5,"column":27},"end":{"line":5,"column":28}},"loc":{"start":{"line":5,"column":46},"end":{"line":42,"column":1}},"line":5},"1":{"name":"(anonymous_1)","decl":{"start":{"line":43,"column":26},"end":{"line":43,"column":27}},"loc":{"start":{"line":43,"column":46},"end":{"line":70,"column":1}},"line":43}},"branchMap":{"0":{"loc":{"start":{"line":15,"column":8},"end":{"line":19,"column":9}},"type":"if","locations":[{"start":{"line":15,"column":8},"end":{"line":19,"column":9}},{"start":{},"end":{}}],"line":15},"1":{"loc":{"start":{"line":25,"column":8},"end":{"line":25,"column":66}},"type":"if","locations":[{"start":{"line":25,"column":8},"end":{"line":25,"column":66}},{"start":{},"end":{}}],"line":25},"2":{"loc":{"start":{"line":31,"column":8},"end":{"line":33,"column":9}},"type":"if","locations":[{"start":{"line":31,"column":8},"end":{"line":33,"column":9}},{"start":{},"end":{}}],"line":31},"3":{"loc":{"start":{"line":52,"column":8},"end":{"line":57,"column":9}},"type":"if","locations":[{"start":{"line":52,"column":8},"end":{"line":57,"column":9}},{"start":{},"end":{}}],"line":52}},"s":{"0":2,"1":4,"2":4,"3":4,"4":4,"5":4,"6":3,"7":1,"8":3,"9":3,"10":3,"11":3,"12":3,"13":3,"14":1,"15":3,"16":1,"17":2,"18":3,"19":3,"20":3,"21":3,"22":2,"23":1,"24":1,"25":1,"26":1},"f":{"0":4,"1":3},"b":{"0":[1,2],"1":[3,0],"2":[1,2],"3":[1,1]},"_coverageSchema":"1a1c01bbd47fc00a2c39e90264f33305004495a9","hash":"dde38b19150f78ac5d16f25b045730c67aef0f8c"}
,"D:\\Social-Media-Platform\\backend\\controllers\\post.controller.js": {"path":"D:\\Social-Media-Platform\\backend\\controllers\\post.controller.js","statementMap":{"0":{"start":{"line":8,"column":26},"end":{"line":53,"column":1}},"1":{"start":{"line":9,"column":4},"end":{"line":52,"column":5}},"2":{"start":{"line":10,"column":28},"end":{"line":10,"column":36}},"3":{"start":{"line":11,"column":22},"end":{"line":11,"column":30}},"4":{"start":{"line":12,"column":25},"end":{"line":12,"column":31}},"5":{"start":{"line":14,"column":8},"end":{"line":16,"column":9}},"6":{"start":{"line":15,"column":12},"end":{"line":15,"column":71}},"7":{"start":{"line":18,"column":37},"end":{"line":21,"column":23}},"8":{"start":{"line":23,"column":24},"end":{"line":23,"column":91}},"9":{"start":{"line":24,"column":30},"end":{"line":24,"column":71}},"10":{"start":{"line":26,"column":21},"end":{"line":30,"column":10}},"11":{"start":{"line":32,"column":21},"end":{"line":32,"column":50}},"12":{"start":{"line":33,"column":8},"end":{"line":36,"column":9}},"13":{"start":{"line":34,"column":12},"end":{"line":34,"column":38}},"14":{"start":{"line":35,"column":12},"end":{"line":35,"column":30}},"15":{"start":{"line":38,"column":8},"end":{"line":38,"column":69}},"16":{"start":{"line":40,"column":8},"end":{"line":44,"column":11}},"17":{"start":{"line":47,"column":8},"end":{"line":47,"column":53}},"18":{"start":{"line":48,"column":8},"end":{"line":51,"column":11}},"19":{"start":{"line":55,"column":26},"end":{"line":93,"column":1}},"20":{"start":{"line":56,"column":4},"end":{"line":92,"column":5}},"21":{"start":{"line":57,"column":23},"end":{"line":57,"column":29}},"22":{"start":{"line":58,"column":21},"end":{"line":58,"column":68}},"23":{"start":{"line":60,"column":8},"end":{"line":65,"column":9}},"24":{"start":{"line":61,"column":12},"end":{"line":64,"column":15}},"25":{"start":{"line":67,"column":22},"end":{"line":80,"column":15}},"26":{"start":{"line":82,"column":8},"end":{"line":85,"column":11}},"27":{"start":{"line":87,"column":8},"end":{"line":87,"column":53}},"28":{"start":{"line":88,"column":8},"end":{"line":91,"column":11}},"29":{"start":{"line":94,"column":27},"end":{"line":124,"column":1}},"30":{"start":{"line":95,"column":4},"end":{"line":123,"column":5}},"31":{"start":{"line":96,"column":25},"end":{"line":96,"column":31}},"32":{"start":{"line":97,"column":22},"end":{"line":111,"column":19}},"33":{"start":{"line":113,"column":8},"end":{"line":116,"column":11}},"34":{"start":{"line":118,"column":8},"end":{"line":118,"column":54}},"35":{"start":{"line":119,"column":8},"end":{"line":122,"column":11}},"36":{"start":{"line":125,"column":24},"end":{"line":168,"column":1}},"37":{"start":{"line":126,"column":4},"end":{"line":167,"column":5}},"38":{"start":{"line":127,"column":35},"end":{"line":127,"column":41}},"39":{"start":{"line":128,"column":23},"end":{"line":128,"column":36}},"40":{"start":{"line":130,"column":21},"end":{"line":130,"column":48}},"41":{"start":{"line":131,"column":8},"end":{"line":136,"column":9}},"42":{"start":{"line":132,"column":12},"end":{"line":135,"column":15}},"43":{"start":{"line":138,"column":8},"end":{"line":138,"column":75}},"44":{"start":{"line":139,"column":8},"end":{"line":139,"column":26}},"45":{"start":{"line":141,"column":21},"end":{"line":141,"column":94}},"46":{"start":{"line":143,"column":28},"end":{"line":143,"column":50}},"47":{"start":{"line":144,"column":8},"end":{"line":155,"column":9}},"48":{"start":{"line":146,"column":33},"end":{"line":152,"column":13}},"49":{"start":{"line":153,"column":38},"end":{"line":153,"column":70}},"50":{"start":{"line":154,"column":12},"end":{"line":154,"column":72}},"51":{"start":{"line":157,"column":8},"end":{"line":160,"column":11}},"52":{"start":{"line":162,"column":8},"end":{"line":162,"column":51}},"53":{"start":{"line":163,"column":8},"end":{"line":166,"column":11}},"54":{"start":{"line":169,"column":27},"end":{"line":211,"column":1}},"55":{"start":{"line":170,"column":4},"end":{"line":210,"column":5}},"56":{"start":{"line":171,"column":35},"end":{"line":171,"column":41}},"57":{"start":{"line":172,"column":23},"end":{"line":172,"column":36}},"58":{"start":{"line":174,"column":21},"end":{"line":174,"column":48}},"59":{"start":{"line":175,"column":8},"end":{"line":180,"column":9}},"60":{"start":{"line":176,"column":12},"end":{"line":179,"column":15}},"61":{"start":{"line":182,"column":8},"end":{"line":182,"column":71}},"62":{"start":{"line":183,"column":8},"end":{"line":183,"column":26}},"63":{"start":{"line":185,"column":21},"end":{"line":185,"column":94}},"64":{"start":{"line":186,"column":28},"end":{"line":186,"column":50}},"65":{"start":{"line":188,"column":8},"end":{"line":198,"column":9}},"66":{"start":{"line":189,"column":33},"end":{"line":195,"column":13}},"67":{"start":{"line":196,"column":38},"end":{"line":196,"column":70}},"68":{"start":{"line":197,"column":12},"end":{"line":197,"column":72}},"69":{"start":{"line":200,"column":8},"end":{"line":203,"column":11}},"70":{"start":{"line":205,"column":8},"end":{"line":205,"column":54}},"71":{"start":{"line":206,"column":8},"end":{"line":209,"column":11}},"72":{"start":{"line":213,"column":26},"end":{"line":250,"column":1}},"73":{"start":{"line":214,"column":4},"end":{"line":249,"column":5}},"74":{"start":{"line":215,"column":23},"end":{"line":215,"column":36}},"75":{"start":{"line":216,"column":32},"end":{"line":216,"column":38}},"76":{"start":{"line":218,"column":25},"end":{"line":218,"column":33}},"77":{"start":{"line":220,"column":8},"end":{"line":220,"column":96}},"78":{"start":{"line":220,"column":19},"end":{"line":220,"column":96}},"79":{"start":{"line":222,"column":21},"end":{"line":222,"column":48}},"80":{"start":{"line":224,"column":8},"end":{"line":224,"column":94}},"81":{"start":{"line":224,"column":19},"end":{"line":224,"column":94}},"82":{"start":{"line":226,"column":24},"end":{"line":230,"column":10}},"83":{"start":{"line":232,"column":8},"end":{"line":235,"column":11}},"84":{"start":{"line":237,"column":8},"end":{"line":237,"column":40}},"85":{"start":{"line":238,"column":8},"end":{"line":238,"column":26}},"86":{"start":{"line":240,"column":8},"end":{"line":244,"column":11}},"87":{"start":{"line":247,"column":8},"end":{"line":247,"column":27}},"88":{"start":{"line":248,"column":8},"end":{"line":248,"column":90}},"89":{"start":{"line":252,"column":33},"end":{"line":276,"column":1}},"90":{"start":{"line":253,"column":4},"end":{"line":275,"column":5}},"91":{"start":{"line":254,"column":23},"end":{"line":254,"column":36}},"92":{"start":{"line":255,"column":25},"end":{"line":256,"column":58}},"93":{"start":{"line":258,"column":8},"end":{"line":263,"column":9}},"94":{"start":{"line":259,"column":12},"end":{"line":262,"column":15}},"95":{"start":{"line":265,"column":8},"end":{"line":268,"column":11}},"96":{"start":{"line":270,"column":8},"end":{"line":270,"column":60}},"97":{"start":{"line":271,"column":8},"end":{"line":274,"column":11}},"98":{"start":{"line":279,"column":26},"end":{"line":317,"column":1}},"99":{"start":{"line":280,"column":4},"end":{"line":316,"column":5}},"100":{"start":{"line":281,"column":23},"end":{"line":281,"column":36}},"101":{"start":{"line":282,"column":25},"end":{"line":282,"column":31}},"102":{"start":{"line":284,"column":21},"end":{"line":284,"column":48}},"103":{"start":{"line":285,"column":8},"end":{"line":290,"column":9}},"104":{"start":{"line":286,"column":12},"end":{"line":289,"column":15}},"105":{"start":{"line":292,"column":8},"end":{"line":296,"column":9}},"106":{"start":{"line":293,"column":12},"end":{"line":295,"column":15}},"107":{"start":{"line":298,"column":8},"end":{"line":298,"column":45}},"108":{"start":{"line":300,"column":21},"end":{"line":300,"column":50}},"109":{"start":{"line":301,"column":8},"end":{"line":301,"column":71}},"110":{"start":{"line":301,"column":45},"end":{"line":301,"column":69}},"111":{"start":{"line":302,"column":8},"end":{"line":302,"column":26}},"112":{"start":{"line":304,"column":8},"end":{"line":304,"column":51}},"113":{"start":{"line":306,"column":8},"end":{"line":309,"column":11}},"114":{"start":{"line":311,"column":8},"end":{"line":311,"column":53}},"115":{"start":{"line":312,"column":8},"end":{"line":315,"column":11}},"116":{"start":{"line":319,"column":28},"end":{"line":358,"column":1}},"117":{"start":{"line":320,"column":4},"end":{"line":357,"column":5}},"118":{"start":{"line":321,"column":23},"end":{"line":321,"column":36}},"119":{"start":{"line":322,"column":25},"end":{"line":322,"column":31}},"120":{"start":{"line":324,"column":21},"end":{"line":324,"column":48}},"121":{"start":{"line":325,"column":8},"end":{"line":330,"column":9}},"122":{"start":{"line":326,"column":12},"end":{"line":329,"column":15}},"123":{"start":{"line":332,"column":21},"end":{"line":332,"column":50}},"124":{"start":{"line":334,"column":8},"end":{"line":350,"column":9}},"125":{"start":{"line":335,"column":12},"end":{"line":335,"column":69}},"126":{"start":{"line":336,"column":12},"end":{"line":336,"column":30}},"127":{"start":{"line":337,"column":12},"end":{"line":341,"column":15}},"128":{"start":{"line":343,"column":12},"end":{"line":343,"column":73}},"129":{"start":{"line":344,"column":12},"end":{"line":344,"column":30}},"130":{"start":{"line":345,"column":12},"end":{"line":349,"column":15}},"131":{"start":{"line":352,"column":8},"end":{"line":352,"column":55}},"132":{"start":{"line":353,"column":8},"end":{"line":356,"column":11}}},"fnMap":{"0":{"name":"(anonymous_0)","decl":{"start":{"line":8,"column":26},"end":{"line":8,"column":27}},"loc":{"start":{"line":8,"column":46},"end":{"line":53,"column":1}},"line":8},"1":{"name":"(anonymous_1)","decl":{"start":{"line":55,"column":26},"end":{"line":55,"column":27}},"loc":{"start":{"line":55,"column":46},"end":{"line":93,"column":1}},"line":55},"2":{"name":"(anonymous_2)","decl":{"start":{"line":94,"column":27},"end":{"line":94,"column":28}},"loc":{"start":{"line":94,"column":47},"end":{"line":124,"column":1}},"line":94},"3":{"name":"(anonymous_3)","decl":{"start":{"line":125,"column":24},"end":{"line":125,"column":25}},"loc":{"start":{"line":125,"column":44},"end":{"line":168,"column":1}},"line":125},"4":{"name":"(anonymous_4)","decl":{"start":{"line":169,"column":27},"end":{"line":169,"column":28}},"loc":{"start":{"line":169,"column":47},"end":{"line":211,"column":1}},"line":169},"5":{"name":"(anonymous_5)","decl":{"start":{"line":213,"column":26},"end":{"line":213,"column":27}},"loc":{"start":{"line":213,"column":46},"end":{"line":250,"column":1}},"line":213},"6":{"name":"(anonymous_6)","decl":{"start":{"line":252,"column":33},"end":{"line":252,"column":34}},"loc":{"start":{"line":252,"column":53},"end":{"line":276,"column":1}},"line":252},"7":{"name":"(anonymous_7)","decl":{"start":{"line":279,"column":26},"end":{"line":279,"column":27}},"loc":{"start":{"line":279,"column":46},"end":{"line":317,"column":1}},"line":279},"8":{"name":"(anonymous_8)","decl":{"start":{"line":301,"column":39},"end":{"line":301,"column":40}},"loc":{"start":{"line":301,"column":45},"end":{"line":301,"column":69}},"line":301},"9":{"name":"(anonymous_9)","decl":{"start":{"line":319,"column":28},"end":{"line":319,"column":29}},"loc":{"start":{"line":319,"column":48},"end":{"line":358,"column":1}},"line":319}},"branchMap":{"0":{"loc":{"start":{"line":14,"column":8},"end":{"line":16,"column":9}},"type":"if","locations":[{"start":{"line":14,"column":8},"end":{"line":16,"column":9}},{"start":{},"end":{}}],"line":14},"1":{"loc":{"start":{"line":33,"column":8},"end":{"line":36,"column":9}},"type":"if","locations":[{"start":{"line":33,"column":8},"end":{"line":36,"column":9}},{"start":{},"end":{}}],"line":33},"2":{"loc":{"start":{"line":60,"column":8},"end":{"line":65,"column":9}},"type":"if","locations":[{"start":{"line":60,"column":8},"end":{"line":65,"column":9}},{"start":{},"end":{}}],"line":60},"3":{"loc":{"start":{"line":131,"column":8},"end":{"line":136,"column":9}},"type":"if","locations":[{"start":{"line":131,"column":8},"end":{"line":136,"column":9}},{"start":{},"end":{}}],"line":131},"4":{"loc":{"start":{"line":144,"column":8},"end":{"line":155,"column":9}},"type":"if","locations":[{"start":{"line":144,"column":8},"end":{"line":155,"column":9}},{"start":{},"end":{}}],"line":144},"5":{"loc":{"start":{"line":175,"column":8},"end":{"line":180,"column":9}},"type":"if","locations":[{"start":{"line":175,"column":8},"end":{"line":180,"column":9}},{"start":{},"end":{}}],"line":175},"6":{"loc":{"start":{"line":188,"column":8},"end":{"line":198,"column":9}},"type":"if","locations":[{"start":{"line":188,"column":8},"end":{"line":198,"column":9}},{"start":{},"end":{}}],"line":188},"7":{"loc":{"start":{"line":220,"column":8},"end":{"line":220,"column":96}},"type":"if","locations":[{"start":{"line":220,"column":8},"end":{"line":220,"column":96}},{"start":{},"end":{}}],"line":220},"8":{"loc":{"start":{"line":224,"column":8},"end":{"line":224,"column":94}},"type":"if","locations":[{"start":{"line":224,"column":8},"end":{"line":224,"column":94}},{"start":{},"end":{}}],"line":224},"9":{"loc":{"start":{"line":258,"column":8},"end":{"line":263,"column":9}},"type":"if","locations":[{"start":{"line":258,"column":8},"end":{"line":263,"column":9}},{"start":{},"end":{}}],"line":258},"10":{"loc":{"start":{"line":258,"column":12},"end":{"line":258,"column":46}},"type":"binary-expr","locations":[{"start":{"line":258,"column":12},"end":{"line":258,"column":21}},{"start":{"line":258,"column":25},"end":{"line":258,"column":46}}],"line":258},"11":{"loc":{"start":{"line":285,"column":8},"end":{"line":290,"column":9}},"type":"if","locations":[{"start":{"line":285,"column":8},"end":{"line":290,"column":9}},{"start":{},"end":{}}],"line":285},"12":{"loc":{"start":{"line":292,"column":8},"end":{"line":296,"column":9}},"type":"if","locations":[{"start":{"line":292,"column":8},"end":{"line":296,"column":9}},{"start":{},"end":{}}],"line":292},"13":{"loc":{"start":{"line":325,"column":8},"end":{"line":330,"column":9}},"type":"if","locations":[{"start":{"line":325,"column":8},"end":{"line":330,"column":9}},{"start":{},"end":{}}],"line":325},"14":{"loc":{"start":{"line":334,"column":8},"end":{"line":350,"column":9}},"type":"if","locations":[{"start":{"line":334,"column":8},"end":{"line":350,"column":9}},{"start":{"line":342,"column":15},"end":{"line":350,"column":9}}],"line":334}},"s":{"0":9,"1":4,"2":4,"3":4,"4":4,"5":4,"6":1,"7":3,"8":2,"9":2,"10":1,"11":1,"12":1,"13":1,"14":1,"15":1,"16":1,"17":2,"18":2,"19":9,"20":3,"21":3,"22":3,"23":2,"24":1,"25":1,"26":1,"27":1,"28":1,"29":9,"30":3,"31":3,"32":3,"33":2,"34":1,"35":1,"36":9,"37":4,"38":4,"39":4,"40":4,"41":3,"42":1,"43":2,"44":2,"45":2,"46":2,"47":2,"48":1,"49":1,"50":1,"51":2,"52":1,"53":1,"54":9,"55":4,"56":4,"57":4,"58":4,"59":3,"60":1,"61":2,"62":2,"63":2,"64":2,"65":2,"66":2,"67":2,"68":2,"69":2,"70":1,"71":1,"72":9,"73":4,"74":4,"75":4,"76":4,"77":4,"78":1,"79":3,"80":2,"81":1,"82":1,"83":1,"84":1,"85":1,"86":1,"87":1,"88":1,"89":9,"90":3,"91":3,"92":3,"93":2,"94":1,"95":1,"96":1,"97":1,"98":9,"99":4,"100":4,"101":4,"102":4,"103":3,"104":1,"105":2,"106":1,"107":1,"108":1,"109":1,"110":1,"111":1,"112":1,"113":1,"114":1,"115":1,"116":9,"117":4,"118":4,"119":4,"120":4,"121":3,"122":1,"123":2,"124":2,"125":1,"126":1,"127":1,"128":1,"129":1,"130":1,"131":1,"132":1},"f":{"0":4,"1":3,"2":3,"3":4,"4":4,"5":4,"6":3,"7":4,"8":1,"9":4},"b":{"0":[1,3],"1":[1,0],"2":[1,1],"3":[1,2],"4":[1,1],"5":[1,2],"6":[2,0],"7":[1,3],"8":[1,1],"9":[1,1],"10":[2,2],"11":[1,2],"12":[1,1],"13":[1,2],"14":[1,1]},"_coverageSchema":"1a1c01bbd47fc00a2c39e90264f33305004495a9","hash":"2b304fe0561de035d079b3b00ff22bd312ec85a9"}
,"D:\\Social-Media-Platform\\backend\\controllers\\user.controller.js": {"path":"D:\\Social-Media-Platform\\backend\\controllers\\user.controller.js","statementMap":{"0":{"start":{"line":12,"column":33},"end":{"line":12,"column":69}},"1":{"start":{"line":14,"column":22},"end":{"line":22,"column":1}},"2":{"start":{"line":15,"column":4},"end":{"line":21,"column":5}},"3":{"start":{"line":16,"column":25},"end":{"line":16,"column":138}},"4":{"start":{"line":17,"column":8},"end":{"line":17,"column":101}},"5":{"start":{"line":19,"column":8},"end":{"line":19,"column":56}},"6":{"start":{"line":20,"column":8},"end":{"line":20,"column":21}},"7":{"start":{"line":24,"column":24},"end":{"line":67,"column":1}},"8":{"start":{"line":25,"column":4},"end":{"line":66,"column":5}},"9":{"start":{"line":26,"column":46},"end":{"line":26,"column":54}},"10":{"start":{"line":28,"column":8},"end":{"line":30,"column":9}},"11":{"start":{"line":29,"column":12},"end":{"line":29,"column":97}},"12":{"start":{"line":33,"column":29},"end":{"line":33,"column":55}},"13":{"start":{"line":34,"column":8},"end":{"line":36,"column":9}},"14":{"start":{"line":35,"column":12},"end":{"line":35,"column":108}},"15":{"start":{"line":39,"column":29},"end":{"line":39,"column":58}},"16":{"start":{"line":40,"column":8},"end":{"line":42,"column":9}},"17":{"start":{"line":41,"column":12},"end":{"line":41,"column":94}},"18":{"start":{"line":44,"column":31},"end":{"line":44,"column":62}},"19":{"start":{"line":45,"column":33},"end":{"line":45,"column":87}},"20":{"start":{"line":46,"column":36},"end":{"line":46,"column":59}},"21":{"start":{"line":48,"column":21},"end":{"line":54,"column":10}},"22":{"start":{"line":56,"column":8},"end":{"line":56,"column":26}},"23":{"start":{"line":57,"column":8},"end":{"line":57,"column":59}},"24":{"start":{"line":59,"column":8},"end":{"line":62,"column":11}},"25":{"start":{"line":64,"column":8},"end":{"line":64,"column":29}},"26":{"start":{"line":65,"column":8},"end":{"line":65,"column":84}},"27":{"start":{"line":70,"column":27},"end":{"line":100,"column":1}},"28":{"start":{"line":71,"column":4},"end":{"line":99,"column":5}},"29":{"start":{"line":72,"column":31},"end":{"line":72,"column":39}},"30":{"start":{"line":74,"column":8},"end":{"line":76,"column":9}},"31":{"start":{"line":75,"column":12},"end":{"line":75,"column":100}},"32":{"start":{"line":78,"column":21},"end":{"line":78,"column":73}},"33":{"start":{"line":80,"column":8},"end":{"line":86,"column":9}},"34":{"start":{"line":81,"column":12},"end":{"line":81,"column":63}},"35":{"start":{"line":82,"column":12},"end":{"line":85,"column":15}},"36":{"start":{"line":88,"column":8},"end":{"line":88,"column":31}},"37":{"start":{"line":89,"column":8},"end":{"line":89,"column":40}},"38":{"start":{"line":90,"column":8},"end":{"line":90,"column":42}},"39":{"start":{"line":91,"column":8},"end":{"line":91,"column":26}},"40":{"start":{"line":93,"column":8},"end":{"line":93,"column":48}},"41":{"start":{"line":95,"column":8},"end":{"line":95,"column":96}},"42":{"start":{"line":97,"column":8},"end":{"line":97,"column":29}},"43":{"start":{"line":98,"column":8},"end":{"line":98,"column":84}},"44":{"start":{"line":102,"column":30},"end":{"line":127,"column":1}},"45":{"start":{"line":103,"column":4},"end":{"line":126,"column":5}},"46":{"start":{"line":104,"column":26},"end":{"line":104,"column":34}},"47":{"start":{"line":106,"column":8},"end":{"line":108,"column":9}},"48":{"start":{"line":107,"column":12},"end":{"line":107,"column":91}},"49":{"start":{"line":110,"column":21},"end":{"line":110,"column":50}},"50":{"start":{"line":112,"column":8},"end":{"line":114,"column":9}},"51":{"start":{"line":113,"column":12},"end":{"line":113,"column":105}},"52":{"start":{"line":116,"column":8},"end":{"line":116,"column":87}},"53":{"start":{"line":118,"column":8},"end":{"line":118,"column":26}},"54":{"start":{"line":120,"column":8},"end":{"line":120,"column":64}},"55":{"start":{"line":122,"column":8},"end":{"line":122,"column":91}},"56":{"start":{"line":124,"column":8},"end":{"line":124,"column":29}},"57":{"start":{"line":125,"column":8},"end":{"line":125,"column":84}},"58":{"start":{"line":129,"column":25},"end":{"line":164,"column":1}},"59":{"start":{"line":130,"column":4},"end":{"line":163,"column":5}},"60":{"start":{"line":131,"column":58},"end":{"line":131,"column":66}},"61":{"start":{"line":133,"column":8},"end":{"line":135,"column":9}},"62":{"start":{"line":134,"column":12},"end":{"line":134,"column":97}},"63":{"start":{"line":137,"column":21},"end":{"line":137,"column":73}},"64":{"start":{"line":139,"column":8},"end":{"line":141,"column":9}},"65":{"start":{"line":140,"column":12},"end":{"line":140,"column":85}},"66":{"start":{"line":143,"column":8},"end":{"line":145,"column":9}},"67":{"start":{"line":144,"column":12},"end":{"line":144,"column":96}},"68":{"start":{"line":147,"column":8},"end":{"line":152,"column":9}},"69":{"start":{"line":148,"column":12},"end":{"line":151,"column":15}},"70":{"start":{"line":154,"column":31},"end":{"line":154,"column":62}},"71":{"start":{"line":155,"column":8},"end":{"line":155,"column":39}},"72":{"start":{"line":156,"column":8},"end":{"line":156,"column":42}},"73":{"start":{"line":157,"column":8},"end":{"line":157,"column":26}},"74":{"start":{"line":159,"column":8},"end":{"line":159,"column":98}},"75":{"start":{"line":161,"column":8},"end":{"line":161,"column":29}},"76":{"start":{"line":162,"column":8},"end":{"line":162,"column":84}},"77":{"start":{"line":167,"column":21},"end":{"line":230,"column":1}},"78":{"start":{"line":168,"column":4},"end":{"line":229,"column":5}},"79":{"start":{"line":169,"column":36},"end":{"line":169,"column":44}},"80":{"start":{"line":170,"column":8},"end":{"line":175,"column":9}},"81":{"start":{"line":171,"column":12},"end":{"line":174,"column":15}},"82":{"start":{"line":177,"column":19},"end":{"line":177,"column":48}},"83":{"start":{"line":178,"column":8},"end":{"line":183,"column":9}},"84":{"start":{"line":179,"column":12},"end":{"line":182,"column":15}},"85":{"start":{"line":184,"column":8},"end":{"line":189,"column":9}},"86":{"start":{"line":185,"column":12},"end":{"line":188,"column":15}},"87":{"start":{"line":191,"column":32},"end":{"line":191,"column":77}},"88":{"start":{"line":192,"column":8},"end":{"line":197,"column":9}},"89":{"start":{"line":193,"column":12},"end":{"line":196,"column":15}},"90":{"start":{"line":199,"column":22},"end":{"line":199,"column":103}},"91":{"start":{"line":201,"column":31},"end":{"line":209,"column":40}},"92":{"start":{"line":203,"column":29},"end":{"line":203,"column":56}},"93":{"start":{"line":204,"column":16},"end":{"line":206,"column":17}},"94":{"start":{"line":205,"column":20},"end":{"line":205,"column":32}},"95":{"start":{"line":207,"column":16},"end":{"line":207,"column":28}},"96":{"start":{"line":209,"column":26},"end":{"line":209,"column":39}},"97":{"start":{"line":211,"column":8},"end":{"line":220,"column":9}},"98":{"start":{"line":221,"column":8},"end":{"line":225,"column":11}},"99":{"start":{"line":228,"column":8},"end":{"line":228,"column":27}},"100":{"start":{"line":232,"column":22},"end":{"line":241,"column":1}},"101":{"start":{"line":233,"column":4},"end":{"line":240,"column":5}},"102":{"start":{"line":234,"column":8},"end":{"line":237,"column":11}},"103":{"start":{"line":239,"column":8},"end":{"line":239,"column":27}},"104":{"start":{"line":243,"column":26},"end":{"line":263,"column":1}},"105":{"start":{"line":244,"column":4},"end":{"line":262,"column":5}},"106":{"start":{"line":245,"column":23},"end":{"line":245,"column":36}},"107":{"start":{"line":247,"column":8},"end":{"line":252,"column":9}},"108":{"start":{"line":248,"column":12},"end":{"line":251,"column":15}},"109":{"start":{"line":254,"column":19},"end":{"line":254,"column":111}},"110":{"start":{"line":255,"column":8},"end":{"line":258,"column":11}},"111":{"start":{"line":260,"column":8},"end":{"line":260,"column":27}},"112":{"start":{"line":261,"column":8},"end":{"line":261,"column":84}},"113":{"start":{"line":265,"column":27},"end":{"line":306,"column":1}},"114":{"start":{"line":266,"column":4},"end":{"line":305,"column":5}},"115":{"start":{"line":267,"column":23},"end":{"line":267,"column":29}},"116":{"start":{"line":268,"column":32},"end":{"line":268,"column":40}},"117":{"start":{"line":269,"column":31},"end":{"line":269,"column":39}},"118":{"start":{"line":272,"column":8},"end":{"line":277,"column":9}},"119":{"start":{"line":273,"column":12},"end":{"line":276,"column":15}},"120":{"start":{"line":279,"column":8},"end":{"line":282,"column":9}},"121":{"start":{"line":280,"column":28},"end":{"line":280,"column":54}},"122":{"start":{"line":281,"column":12},"end":{"line":281,"column":70}},"123":{"start":{"line":284,"column":21},"end":{"line":284,"column":68}},"124":{"start":{"line":285,"column":8},"end":{"line":290,"column":9}},"125":{"start":{"line":286,"column":12},"end":{"line":289,"column":15}},"126":{"start":{"line":291,"column":8},"end":{"line":291,"column":32}},"127":{"start":{"line":291,"column":17},"end":{"line":291,"column":32}},"128":{"start":{"line":292,"column":8},"end":{"line":292,"column":41}},"129":{"start":{"line":292,"column":20},"end":{"line":292,"column":41}},"130":{"start":{"line":293,"column":8},"end":{"line":293,"column":75}},"131":{"start":{"line":293,"column":28},"end":{"line":293,"column":75}},"132":{"start":{"line":295,"column":8},"end":{"line":295,"column":26}},"133":{"start":{"line":297,"column":8},"end":{"line":301,"column":11}},"134":{"start":{"line":304,"column":8},"end":{"line":304,"column":27}},"135":{"start":{"line":307,"column":33},"end":{"line":322,"column":1}},"136":{"start":{"line":308,"column":4},"end":{"line":321,"column":5}},"137":{"start":{"line":309,"column":31},"end":{"line":309,"column":92}},"138":{"start":{"line":310,"column":8},"end":{"line":314,"column":9}},"139":{"start":{"line":311,"column":12},"end":{"line":313,"column":14}},"140":{"start":{"line":315,"column":8},"end":{"line":318,"column":10}},"141":{"start":{"line":320,"column":8},"end":{"line":320,"column":27}},"142":{"start":{"line":324,"column":32},"end":{"line":364,"column":1}},"143":{"start":{"line":325,"column":4},"end":{"line":363,"column":5}},"144":{"start":{"line":326,"column":28},"end":{"line":326,"column":34}},"145":{"start":{"line":327,"column":34},"end":{"line":327,"column":47}},"146":{"start":{"line":328,"column":8},"end":{"line":333,"column":9}},"147":{"start":{"line":329,"column":12},"end":{"line":332,"column":15}},"148":{"start":{"line":335,"column":21},"end":{"line":335,"column":53}},"149":{"start":{"line":336,"column":27},"end":{"line":336,"column":65}},"150":{"start":{"line":338,"column":8},"end":{"line":343,"column":9}},"151":{"start":{"line":339,"column":12},"end":{"line":342,"column":15}},"152":{"start":{"line":345,"column":28},"end":{"line":345,"column":70}},"153":{"start":{"line":347,"column":8},"end":{"line":359,"column":9}},"154":{"start":{"line":348,"column":12},"end":{"line":351,"column":14}},"155":{"start":{"line":352,"column":12},"end":{"line":352,"column":95}},"156":{"start":{"line":354,"column":12},"end":{"line":357,"column":14}},"157":{"start":{"line":358,"column":12},"end":{"line":358,"column":93}},"158":{"start":{"line":362,"column":8},"end":{"line":362,"column":27}},"159":{"start":{"line":368,"column":27},"end":{"line":394,"column":1}},"160":{"start":{"line":369,"column":4},"end":{"line":393,"column":5}},"161":{"start":{"line":370,"column":26},"end":{"line":370,"column":35}},"162":{"start":{"line":372,"column":8},"end":{"line":377,"column":9}},"163":{"start":{"line":373,"column":12},"end":{"line":376,"column":15}},"164":{"start":{"line":379,"column":22},"end":{"line":381,"column":44}},"165":{"start":{"line":383,"column":8},"end":{"line":386,"column":11}},"166":{"start":{"line":388,"column":8},"end":{"line":388,"column":54}},"167":{"start":{"line":389,"column":8},"end":{"line":392,"column":11}},"168":{"start":{"line":395,"column":28},"end":{"line":421,"column":1}},"169":{"start":{"line":396,"column":4},"end":{"line":420,"column":5}},"170":{"start":{"line":397,"column":23},"end":{"line":397,"column":33}},"171":{"start":{"line":399,"column":21},"end":{"line":400,"column":61}},"172":{"start":{"line":402,"column":8},"end":{"line":407,"column":9}},"173":{"start":{"line":403,"column":12},"end":{"line":406,"column":15}},"174":{"start":{"line":409,"column":8},"end":{"line":412,"column":11}},"175":{"start":{"line":414,"column":8},"end":{"line":414,"column":55}},"176":{"start":{"line":415,"column":8},"end":{"line":419,"column":11}},"177":{"start":{"line":423,"column":30},"end":{"line":449,"column":1}},"178":{"start":{"line":424,"column":4},"end":{"line":448,"column":5}},"179":{"start":{"line":425,"column":23},"end":{"line":425,"column":33}},"180":{"start":{"line":427,"column":21},"end":{"line":428,"column":61}},"181":{"start":{"line":430,"column":8},"end":{"line":435,"column":9}},"182":{"start":{"line":431,"column":12},"end":{"line":434,"column":15}},"183":{"start":{"line":437,"column":8},"end":{"line":440,"column":11}},"184":{"start":{"line":442,"column":8},"end":{"line":442,"column":55}},"185":{"start":{"line":443,"column":8},"end":{"line":447,"column":11}}},"fnMap":{"0":{"name":"(anonymous_0)","decl":{"start":{"line":14,"column":22},"end":{"line":14,"column":23}},"loc":{"start":{"line":14,"column":39},"end":{"line":22,"column":1}},"line":14},"1":{"name":"(anonymous_1)","decl":{"start":{"line":24,"column":24},"end":{"line":24,"column":25}},"loc":{"start":{"line":24,"column":44},"end":{"line":67,"column":1}},"line":24},"2":{"name":"(anonymous_2)","decl":{"start":{"line":70,"column":27},"end":{"line":70,"column":28}},"loc":{"start":{"line":70,"column":47},"end":{"line":100,"column":1}},"line":70},"3":{"name":"(anonymous_3)","decl":{"start":{"line":102,"column":30},"end":{"line":102,"column":31}},"loc":{"start":{"line":102,"column":50},"end":{"line":127,"column":1}},"line":102},"4":{"name":"(anonymous_4)","decl":{"start":{"line":129,"column":25},"end":{"line":129,"column":26}},"loc":{"start":{"line":129,"column":45},"end":{"line":164,"column":1}},"line":129},"5":{"name":"(anonymous_5)","decl":{"start":{"line":167,"column":21},"end":{"line":167,"column":22}},"loc":{"start":{"line":167,"column":41},"end":{"line":230,"column":1}},"line":167},"6":{"name":"(anonymous_6)","decl":{"start":{"line":202,"column":27},"end":{"line":202,"column":28}},"loc":{"start":{"line":202,"column":45},"end":{"line":208,"column":13}},"line":202},"7":{"name":"(anonymous_7)","decl":{"start":{"line":209,"column":18},"end":{"line":209,"column":19}},"loc":{"start":{"line":209,"column":26},"end":{"line":209,"column":39}},"line":209},"8":{"name":"(anonymous_8)","decl":{"start":{"line":232,"column":22},"end":{"line":232,"column":23}},"loc":{"start":{"line":232,"column":40},"end":{"line":241,"column":1}},"line":232},"9":{"name":"(anonymous_9)","decl":{"start":{"line":243,"column":26},"end":{"line":243,"column":27}},"loc":{"start":{"line":243,"column":46},"end":{"line":263,"column":1}},"line":243},"10":{"name":"(anonymous_10)","decl":{"start":{"line":265,"column":27},"end":{"line":265,"column":28}},"loc":{"start":{"line":265,"column":47},"end":{"line":306,"column":1}},"line":265},"11":{"name":"(anonymous_11)","decl":{"start":{"line":307,"column":33},"end":{"line":307,"column":34}},"loc":{"start":{"line":307,"column":53},"end":{"line":322,"column":1}},"line":307},"12":{"name":"(anonymous_12)","decl":{"start":{"line":324,"column":32},"end":{"line":324,"column":33}},"loc":{"start":{"line":324,"column":52},"end":{"line":364,"column":1}},"line":324},"13":{"name":"(anonymous_13)","decl":{"start":{"line":368,"column":27},"end":{"line":368,"column":28}},"loc":{"start":{"line":368,"column":47},"end":{"line":394,"column":1}},"line":368},"14":{"name":"(anonymous_14)","decl":{"start":{"line":395,"column":28},"end":{"line":395,"column":29}},"loc":{"start":{"line":395,"column":48},"end":{"line":421,"column":1}},"line":395},"15":{"name":"(anonymous_15)","decl":{"start":{"line":423,"column":30},"end":{"line":423,"column":31}},"loc":{"start":{"line":423,"column":50},"end":{"line":449,"column":1}},"line":423}},"branchMap":{"0":{"loc":{"start":{"line":17,"column":15},"end":{"line":17,"column":100}},"type":"binary-expr","locations":[{"start":{"line":17,"column":15},"end":{"line":17,"column":50}},{"start":{"line":17,"column":54},"end":{"line":17,"column":100}}],"line":17},"1":{"loc":{"start":{"line":28,"column":8},"end":{"line":30,"column":9}},"type":"if","locations":[{"start":{"line":28,"column":8},"end":{"line":30,"column":9}},{"start":{},"end":{}}],"line":28},"2":{"loc":{"start":{"line":28,"column":12},"end":{"line":28,"column":44}},"type":"binary-expr","locations":[{"start":{"line":28,"column":12},"end":{"line":28,"column":21}},{"start":{"line":28,"column":25},"end":{"line":28,"column":31}},{"start":{"line":28,"column":35},"end":{"line":28,"column":44}}],"line":28},"3":{"loc":{"start":{"line":34,"column":8},"end":{"line":36,"column":9}},"type":"if","locations":[{"start":{"line":34,"column":8},"end":{"line":36,"column":9}},{"start":{},"end":{}}],"line":34},"4":{"loc":{"start":{"line":40,"column":8},"end":{"line":42,"column":9}},"type":"if","locations":[{"start":{"line":40,"column":8},"end":{"line":42,"column":9}},{"start":{},"end":{}}],"line":40},"5":{"loc":{"start":{"line":74,"column":8},"end":{"line":76,"column":9}},"type":"if","locations":[{"start":{"line":74,"column":8},"end":{"line":76,"column":9}},{"start":{},"end":{}}],"line":74},"6":{"loc":{"start":{"line":74,"column":12},"end":{"line":74,"column":26}},"type":"binary-expr","locations":[{"start":{"line":74,"column":12},"end":{"line":74,"column":18}},{"start":{"line":74,"column":22},"end":{"line":74,"column":26}}],"line":74},"7":{"loc":{"start":{"line":80,"column":8},"end":{"line":86,"column":9}},"type":"if","locations":[{"start":{"line":80,"column":8},"end":{"line":86,"column":9}},{"start":{},"end":{}}],"line":80},"8":{"loc":{"start":{"line":80,"column":12},"end":{"line":80,"column":58}},"type":"binary-expr","locations":[{"start":{"line":80,"column":12},"end":{"line":80,"column":17}},{"start":{"line":80,"column":21},"end":{"line":80,"column":58}}],"line":80},"9":{"loc":{"start":{"line":106,"column":8},"end":{"line":108,"column":9}},"type":"if","locations":[{"start":{"line":106,"column":8},"end":{"line":108,"column":9}},{"start":{},"end":{}}],"line":106},"10":{"loc":{"start":{"line":112,"column":8},"end":{"line":114,"column":9}},"type":"if","locations":[{"start":{"line":112,"column":8},"end":{"line":114,"column":9}},{"start":{},"end":{}}],"line":112},"11":{"loc":{"start":{"line":112,"column":12},"end":{"line":112,"column":37}},"type":"binary-expr","locations":[{"start":{"line":112,"column":12},"end":{"line":112,"column":17}},{"start":{"line":112,"column":21},"end":{"line":112,"column":37}}],"line":112},"12":{"loc":{"start":{"line":133,"column":8},"end":{"line":135,"column":9}},"type":"if","locations":[{"start":{"line":133,"column":8},"end":{"line":135,"column":9}},{"start":{},"end":{}}],"line":133},"13":{"loc":{"start":{"line":133,"column":12},"end":{"line":133,"column":59}},"type":"binary-expr","locations":[{"start":{"line":133,"column":12},"end":{"line":133,"column":18}},{"start":{"line":133,"column":22},"end":{"line":133,"column":26}},{"start":{"line":133,"column":30},"end":{"line":133,"column":39}},{"start":{"line":133,"column":43},"end":{"line":133,"column":59}}],"line":133},"14":{"loc":{"start":{"line":139,"column":8},"end":{"line":141,"column":9}},"type":"if","locations":[{"start":{"line":139,"column":8},"end":{"line":141,"column":9}},{"start":{},"end":{}}],"line":139},"15":{"loc":{"start":{"line":143,"column":8},"end":{"line":145,"column":9}},"type":"if","locations":[{"start":{"line":143,"column":8},"end":{"line":145,"column":9}},{"start":{},"end":{}}],"line":143},"16":{"loc":{"start":{"line":147,"column":8},"end":{"line":152,"column":9}},"type":"if","locations":[{"start":{"line":147,"column":8},"end":{"line":152,"column":9}},{"start":{},"end":{}}],"line":147},"17":{"loc":{"start":{"line":170,"column":8},"end":{"line":175,"column":9}},"type":"if","locations":[{"start":{"line":170,"column":8},"end":{"line":175,"column":9}},{"start":{},"end":{}}],"line":170},"18":{"loc":{"start":{"line":170,"column":12},"end":{"line":170,"column":31}},"type":"binary-expr","locations":[{"start":{"line":170,"column":12},"end":{"line":170,"column":18}},{"start":{"line":170,"column":22},"end":{"line":170,"column":31}}],"line":170},"19":{"loc":{"start":{"line":178,"column":8},"end":{"line":183,"column":9}},"type":"if","locations":[{"start":{"line":178,"column":8},"end":{"line":183,"column":9}},{"start":{},"end":{}}],"line":178},"20":{"loc":{"start":{"line":184,"column":8},"end":{"line":189,"column":9}},"type":"if","locations":[{"start":{"line":184,"column":8},"end":{"line":189,"column":9}},{"start":{},"end":{}}],"line":184},"21":{"loc":{"start":{"line":192,"column":8},"end":{"line":197,"column":9}},"type":"if","locations":[{"start":{"line":192,"column":8},"end":{"line":197,"column":9}},{"start":{},"end":{}}],"line":192},"22":{"loc":{"start":{"line":204,"column":16},"end":{"line":206,"column":17}},"type":"if","locations":[{"start":{"line":204,"column":16},"end":{"line":206,"column":17}},{"start":{},"end":{}}],"line":204},"23":{"loc":{"start":{"line":204,"column":20},"end":{"line":204,"column":71}},"type":"binary-expr","locations":[{"start":{"line":204,"column":20},"end":{"line":204,"column":24}},{"start":{"line":204,"column":28},"end":{"line":204,"column":39}},{"start":{"line":204,"column":43},"end":{"line":204,"column":71}}],"line":204},"24":{"loc":{"start":{"line":247,"column":8},"end":{"line":252,"column":9}},"type":"if","locations":[{"start":{"line":247,"column":8},"end":{"line":252,"column":9}},{"start":{},"end":{}}],"line":247},"25":{"loc":{"start":{"line":247,"column":12},"end":{"line":247,"column":54}},"type":"binary-expr","locations":[{"start":{"line":247,"column":12},"end":{"line":247,"column":19}},{"start":{"line":247,"column":23},"end":{"line":247,"column":54}}],"line":247},"26":{"loc":{"start":{"line":272,"column":8},"end":{"line":277,"column":9}},"type":"if","locations":[{"start":{"line":272,"column":8},"end":{"line":277,"column":9}},{"start":{},"end":{}}],"line":272},"27":{"loc":{"start":{"line":272,"column":12},"end":{"line":272,"column":55}},"type":"binary-expr","locations":[{"start":{"line":272,"column":12},"end":{"line":272,"column":19}},{"start":{"line":272,"column":24},"end":{"line":272,"column":55}}],"line":272},"28":{"loc":{"start":{"line":279,"column":8},"end":{"line":282,"column":9}},"type":"if","locations":[{"start":{"line":279,"column":8},"end":{"line":282,"column":9}},{"start":{},"end":{}}],"line":279},"29":{"loc":{"start":{"line":285,"column":8},"end":{"line":290,"column":9}},"type":"if","locations":[{"start":{"line":285,"column":8},"end":{"line":290,"column":9}},{"start":{},"end":{}}],"line":285},"30":{"loc":{"start":{"line":291,"column":8},"end":{"line":291,"column":32}},"type":"if","locations":[{"start":{"line":291,"column":8},"end":{"line":291,"column":32}},{"start":{},"end":{}}],"line":291},"31":{"loc":{"start":{"line":292,"column":8},"end":{"line":292,"column":41}},"type":"if","locations":[{"start":{"line":292,"column":8},"end":{"line":292,"column":41}},{"start":{},"end":{}}],"line":292},"32":{"loc":{"start":{"line":293,"column":8},"end":{"line":293,"column":75}},"type":"if","locations":[{"start":{"line":293,"column":8},"end":{"line":293,"column":75}},{"start":{},"end":{}}],"line":293},"33":{"loc":{"start":{"line":310,"column":8},"end":{"line":314,"column":9}},"type":"if","locations":[{"start":{"line":310,"column":8},"end":{"line":314,"column":9}},{"start":{},"end":{}}],"line":310},"34":{"loc":{"start":{"line":328,"column":8},"end":{"line":333,"column":9}},"type":"if","locations":[{"start":{"line":328,"column":8},"end":{"line":333,"column":9}},{"start":{},"end":{}}],"line":328},"35":{"loc":{"start":{"line":338,"column":8},"end":{"line":343,"column":9}},"type":"if","locations":[{"start":{"line":338,"column":8},"end":{"line":343,"column":9}},{"start":{},"end":{}}],"line":338},"36":{"loc":{"start":{"line":338,"column":12},"end":{"line":338,"column":32}},"type":"binary-expr","locations":[{"start":{"line":338,"column":12},"end":{"line":338,"column":17}},{"start":{"line":338,"column":21},"end":{"line":338,"column":32}}],"line":338},"37":{"loc":{"start":{"line":347,"column":8},"end":{"line":359,"column":9}},"type":"if","locations":[{"start":{"line":347,"column":8},"end":{"line":359,"column":9}},{"start":{"line":353,"column":15},"end":{"line":359,"column":9}}],"line":347},"38":{"loc":{"start":{"line":372,"column":8},"end":{"line":377,"column":9}},"type":"if","locations":[{"start":{"line":372,"column":8},"end":{"line":377,"column":9}},{"start":{},"end":{}}],"line":372},"39":{"loc":{"start":{"line":402,"column":8},"end":{"line":407,"column":9}},"type":"if","locations":[{"start":{"line":402,"column":8},"end":{"line":407,"column":9}},{"start":{},"end":{}}],"line":402},"40":{"loc":{"start":{"line":430,"column":8},"end":{"line":435,"column":9}},"type":"if","locations":[{"start":{"line":430,"column":8},"end":{"line":435,"column":9}},{"start":{},"end":{}}],"line":430}},"s":{"0":13,"1":13,"2":4,"3":4,"4":4,"5":0,"6":0,"7":13,"8":5,"9":5,"10":5,"11":1,"12":4,"13":4,"14":1,"15":3,"16":2,"17":1,"18":1,"19":1,"20":1,"21":1,"22":1,"23":1,"24":1,"25":1,"26":1,"27":13,"28":4,"29":4,"30":4,"31":1,"32":3,"33":2,"34":1,"35":1,"36":1,"37":1,"38":1,"39":1,"40":1,"41":1,"42":1,"43":1,"44":13,"45":4,"46":4,"47":4,"48":1,"49":3,"50":2,"51":1,"52":1,"53":1,"54":1,"55":1,"56":1,"57":1,"58":13,"59":6,"60":6,"61":6,"62":1,"63":5,"64":4,"65":1,"66":3,"67":1,"68":2,"69":1,"70":1,"71":1,"72":1,"73":1,"74":1,"75":1,"76":1,"77":13,"78":7,"79":7,"80":7,"81":2,"82":5,"83":4,"84":1,"85":3,"86":1,"87":2,"88":2,"89":1,"90":1,"91":1,"92":2,"93":2,"94":2,"95":0,"96":2,"97":1,"98":1,"99":1,"100":13,"101":2,"102":2,"103":1,"104":13,"105":4,"106":4,"107":4,"108":2,"109":2,"110":1,"111":1,"112":1,"113":13,"114":4,"115":4,"116":4,"117":4,"118":4,"119":1,"120":3,"121":3,"122":3,"123":3,"124":2,"125":1,"126":1,"127":1,"128":1,"129":1,"130":1,"131":1,"132":1,"133":1,"134":1,"135":13,"136":3,"137":3,"138":2,"139":0,"140":2,"141":1,"142":13,"143":5,"144":5,"145":5,"146":5,"147":1,"148":4,"149":3,"150":3,"151":1,"152":2,"153":2,"154":1,"155":1,"156":1,"157":1,"158":1,"159":13,"160":4,"161":4,"162":4,"163":1,"164":3,"165":2,"166":1,"167":1,"168":13,"169":4,"170":4,"171":4,"172":3,"173":2,"174":1,"175":1,"176":1,"177":13,"178":4,"179":4,"180":4,"181":3,"182":2,"183":1,"184":1,"185":1},"f":{"0":4,"1":5,"2":4,"3":4,"4":6,"5":7,"6":2,"7":2,"8":2,"9":4,"10":4,"11":3,"12":5,"13":4,"14":4,"15":4},"b":{"0":[4,3],"1":[1,4],"2":[5,4,4],"3":[1,3],"4":[1,1],"5":[1,3],"6":[4,4],"7":[1,1],"8":[2,1],"9":[1,3],"10":[1,1],"11":[2,1],"12":[1,5],"13":[6,5,5,5],"14":[1,3],"15":[1,2],"16":[1,1],"17":[2,5],"18":[7,6],"19":[1,3],"20":[1,2],"21":[1,1],"22":[2,0],"23":[2,2,2],"24":[2,2],"25":[4,3],"26":[1,3],"27":[4,4],"28":[3,0],"29":[1,1],"30":[1,0],"31":[1,0],"32":[1,0],"33":[0,2],"34":[1,4],"35":[1,2],"36":[3,2],"37":[1,1],"38":[1,3],"39":[2,1],"40":[2,1]},"_coverageSchema":"1a1c01bbd47fc00a2c39e90264f33305004495a9","hash":"e9b64795432461b85a0f1e5edbc9f8bba55e7765"}
,"D:\\Social-Media-Platform\\backend\\middlewares\\Email.config.js": {"path":"D:\\Social-Media-Platform\\backend\\middlewares\\Email.config.js","statementMap":{"0":{"start":{"line":3,"column":27},"end":{"line":11,"column":4}}},"fnMap":{},"branchMap":{},"s":{"0":13},"f":{},"b":{},"_coverageSchema":"1a1c01bbd47fc00a2c39e90264f33305004495a9","hash":"757e150d62cb2428b4cdd949b9d23e4b49e4ca92"}
,"D:\\Social-Media-Platform\\backend\\middlewares\\Email.js": {"path":"D:\\Social-Media-Platform\\backend\\middlewares\\Email.js","statementMap":{"0":{"start":{"line":4,"column":36},"end":{"line":18,"column":1}},"1":{"start":{"line":5,"column":4},"end":{"line":17,"column":5}},"2":{"start":{"line":6,"column":25},"end":{"line":12,"column":10}},"3":{"start":{"line":13,"column":8},"end":{"line":13,"column":58}},"4":{"start":{"line":15,"column":8},"end":{"line":15,"column":54}},"5":{"start":{"line":16,"column":8},"end":{"line":16,"column":48}},"6":{"start":{"line":20,"column":28},"end":{"line":34,"column":1}},"7":{"start":{"line":21,"column":4},"end":{"line":33,"column":5}},"8":{"start":{"line":22,"column":25},"end":{"line":28,"column":10}},"9":{"start":{"line":29,"column":8},"end":{"line":29,"column":55}},"10":{"start":{"line":32,"column":8},"end":{"line":32,"column":34}}},"fnMap":{"0":{"name":"(anonymous_0)","decl":{"start":{"line":4,"column":36},"end":{"line":4,"column":37}},"loc":{"start":{"line":4,"column":71},"end":{"line":18,"column":1}},"line":4},"1":{"name":"(anonymous_1)","decl":{"start":{"line":20,"column":28},"end":{"line":20,"column":29}},"loc":{"start":{"line":20,"column":59},"end":{"line":34,"column":1}},"line":20}},"branchMap":{},"s":{"0":13,"1":0,"2":0,"3":0,"4":0,"5":0,"6":13,"7":0,"8":0,"9":0,"10":0},"f":{"0":0,"1":0},"b":{},"_coverageSchema":"1a1c01bbd47fc00a2c39e90264f33305004495a9","hash":"cd5be37bb1debac9063b4aee69ec04ed917f74c8"}
,"D:\\Social-Media-Platform\\backend\\models\\comment.model.js": {"path":"D:\\Social-Media-Platform\\backend\\models\\comment.model.js","statementMap":{"0":{"start":{"line":2,"column":22},"end":{"line":6,"column":2}},"1":{"start":{"line":7,"column":23},"end":{"line":7,"column":63}}},"fnMap":{},"branchMap":{},"s":{"0":7,"1":7},"f":{},"b":{},"_coverageSchema":"1a1c01bbd47fc00a2c39e90264f33305004495a9","hash":"ec8bcdab2ea0005db3595ab933ef99653cf9727f"}
,"D:\\Social-Media-Platform\\backend\\models\\message.model.js": {"path":"D:\\Social-Media-Platform\\backend\\models\\message.model.js","statementMap":{"0":{"start":{"line":3,"column":22},"end":{"line":16,"column":2}},"1":{"start":{"line":17,"column":23},"end":{"line":17,"column":63}}},"fnMap":{},"branchMap":{},"s":{"0":1,"1":1},"f":{},"b":{},"_coverageSchema":"1a1c01bbd47fc00a2c39e90264f33305004495a9","hash":"a7adba1559a211a11ce421abdc17ea9bf5ddaba9"}
,"D:\\Social-Media-Platform\\backend\\models\\post.model.js": {"path":"D:\\Social-Media-Platform\\backend\\models\\post.model.js","statementMap":{"0":{"start":{"line":3,"column":19},"end":{"line":10,"column":2}},"1":{"start":{"line":11,"column":20},"end":{"line":11,"column":54}}},"fnMap":{},"branchMap":{},"s":{"0":15,"1":15},"f":{},"b":{},"_coverageSchema":"1a1c01bbd47fc00a2c39e90264f33305004495a9","hash":"da19fdda306e903db02099afd60eab241df94582"}
,"D:\\Social-Media-Platform\\backend\\models\\user.model.js": {"path":"D:\\Social-Media-Platform\\backend\\models\\user.model.js","statementMap":{"0":{"start":{"line":3,"column":19},"end":{"line":35,"column":1}},"1":{"start":{"line":12,"column":20},"end":{"line":12,"column":56}},"2":{"start":{"line":39,"column":20},"end":{"line":39,"column":54}}},"fnMap":{"0":{"name":"(anonymous_0)","decl":{"start":{"line":11,"column":27},"end":{"line":11,"column":28}},"loc":{"start":{"line":11,"column":44},"end":{"line":13,"column":17}},"line":11}},"branchMap":{},"s":{"0":13,"1":0,"2":13},"f":{"0":0},"b":{},"_coverageSchema":"1a1c01bbd47fc00a2c39e90264f33305004495a9","hash":"4510bf7bafff154beaf846d49b03ef22f9ab53ec"}
,"D:\\Social-Media-Platform\\backend\\socket\\socket.js": {"path":"D:\\Social-Media-Platform\\backend\\socket\\socket.js","statementMap":{"0":{"start":{"line":5,"column":12},"end":{"line":5,"column":21}},"1":{"start":{"line":7,"column":15},"end":{"line":7,"column":37}},"2":{"start":{"line":9,"column":11},"end":{"line":14,"column":2}},"3":{"start":{"line":16,"column":22},"end":{"line":16,"column":24}},"4":{"start":{"line":18,"column":35},"end":{"line":18,"column":76}},"5":{"start":{"line":18,"column":51},"end":{"line":18,"column":76}},"6":{"start":{"line":20,"column":0},"end":{"line":36,"column":2}},"7":{"start":{"line":21,"column":4},"end":{"line":21,"column":43}},"8":{"start":{"line":22,"column":19},"end":{"line":22,"column":48}},"9":{"start":{"line":23,"column":4},"end":{"line":26,"column":5}},"10":{"start":{"line":24,"column":8},"end":{"line":24,"column":42}},"11":{"start":{"line":28,"column":4},"end":{"line":28,"column":58}},"12":{"start":{"line":30,"column":4},"end":{"line":35,"column":7}},"13":{"start":{"line":31,"column":8},"end":{"line":33,"column":9}},"14":{"start":{"line":32,"column":12},"end":{"line":32,"column":41}},"15":{"start":{"line":34,"column":8},"end":{"line":34,"column":62}}},"fnMap":{"0":{"name":"(anonymous_0)","decl":{"start":{"line":18,"column":35},"end":{"line":18,"column":36}},"loc":{"start":{"line":18,"column":51},"end":{"line":18,"column":76}},"line":18},"1":{"name":"(anonymous_1)","decl":{"start":{"line":20,"column":20},"end":{"line":20,"column":21}},"loc":{"start":{"line":20,"column":30},"end":{"line":36,"column":1}},"line":20},"2":{"name":"(anonymous_2)","decl":{"start":{"line":30,"column":27},"end":{"line":30,"column":28}},"loc":{"start":{"line":30,"column":31},"end":{"line":35,"column":5}},"line":30}},"branchMap":{"0":{"loc":{"start":{"line":23,"column":4},"end":{"line":26,"column":5}},"type":"if","locations":[{"start":{"line":23,"column":4},"end":{"line":26,"column":5}},{"start":{},"end":{}}],"line":23},"1":{"loc":{"start":{"line":31,"column":8},"end":{"line":33,"column":9}},"type":"if","locations":[{"start":{"line":31,"column":8},"end":{"line":33,"column":9}},{"start":{},"end":{}}],"line":31}},"s":{"0":9,"1":9,"2":9,"3":9,"4":9,"5":0,"6":9,"7":0,"8":0,"9":0,"10":0,"11":0,"12":0,"13":0,"14":0,"15":0},"f":{"0":0,"1":0,"2":0},"b":{"0":[0,0],"1":[0,0]},"_coverageSchema":"1a1c01bbd47fc00a2c39e90264f33305004495a9","hash":"6f27e03918e0a44cc9e80e9cc2cca7741689b6b5"}
,"D:\\Social-Media-Platform\\backend\\utils\\cloudinary.js": {"path":"D:\\Social-Media-Platform\\backend\\utils\\cloudinary.js","statementMap":{"0":{"start":{"line":3,"column":0},"end":{"line":3,"column":18}},"1":{"start":{"line":5,"column":0},"end":{"line":9,"column":3}}},"fnMap":{},"branchMap":{},"s":{"0":21,"1":21},"f":{},"b":{},"_coverageSchema":"1a1c01bbd47fc00a2c39e90264f33305004495a9","hash":"81adabc898f85cd17b0ee5efe98eb552012b1ba4"}
,"D:\\Social-Media-Platform\\backend\\utils\\datauri.js": {"path":"D:\\Social-Media-Platform\\backend\\utils\\datauri.js","statementMap":{"0":{"start":{"line":4,"column":15},"end":{"line":4,"column":34}},"1":{"start":{"line":6,"column":19},"end":{"line":9,"column":1}},"2":{"start":{"line":7,"column":20},"end":{"line":7,"column":62}},"3":{"start":{"line":8,"column":4},"end":{"line":8,"column":55}}},"fnMap":{"0":{"name":"(anonymous_0)","decl":{"start":{"line":6,"column":19},"end":{"line":6,"column":20}},"loc":{"start":{"line":6,"column":29},"end":{"line":9,"column":1}},"line":6}},"branchMap":{},"s":{"0":12,"1":12,"2":0,"3":0},"f":{"0":0},"b":{},"_coverageSchema":"1a1c01bbd47fc00a2c39e90264f33305004495a9","hash":"42dd46f81b62068a2624e9a5d47c05e3783febb5"}
}
