TN:
SF:backend\controllers\message.controller.js
FN:5,(anonymous_0)
FN:43,(anonymous_1)
FNF:2
FNH:2
FNDA:4,(anonymous_0)
FNDA:3,(anonymous_1)
DA:5,2
DA:6,4
DA:7,4
DA:8,4
DA:9,4
DA:11,4
DA:15,3
DA:16,1
DA:20,3
DA:25,3
DA:27,3
DA:30,3
DA:31,3
DA:32,1
DA:35,3
DA:40,1
DA:43,2
DA:44,3
DA:45,3
DA:46,3
DA:48,3
DA:52,2
DA:53,1
DA:59,1
DA:64,1
DA:65,1
LF:26
LH:26
BRDA:15,0,0,1
BRDA:15,0,1,2
BRDA:25,1,0,3
BRDA:25,1,1,0
BRDA:31,2,0,1
BRDA:31,2,1,2
BRDA:52,3,0,1
BRDA:52,3,1,1
BRF:8
BRH:7
end_of_record
TN:
SF:backend\controllers\post.controller.js
FN:8,(anonymous_0)
FN:55,(anonymous_1)
FN:94,(anonymous_2)
FN:125,(anonymous_3)
FN:169,(anonymous_4)
FN:213,(anonymous_5)
FN:252,(anonymous_6)
FN:279,(anonymous_7)
FN:301,(anonymous_8)
FN:319,(anonymous_9)
FNF:10
FNH:10
FNDA:4,(anonymous_0)
FNDA:3,(anonymous_1)
FNDA:3,(anonymous_2)
FNDA:4,(anonymous_3)
FNDA:4,(anonymous_4)
FNDA:4,(anonymous_5)
FNDA:3,(anonymous_6)
FNDA:4,(anonymous_7)
FNDA:1,(anonymous_8)
FNDA:4,(anonymous_9)
DA:8,9
DA:9,4
DA:10,4
DA:11,4
DA:12,4
DA:14,4
DA:15,1
DA:18,3
DA:23,2
DA:24,2
DA:26,1
DA:32,1
DA:33,1
DA:34,1
DA:35,1
DA:38,1
DA:40,1
DA:47,2
DA:48,2
DA:55,9
DA:56,3
DA:57,3
DA:58,3
DA:60,2
DA:61,1
DA:67,1
DA:82,1
DA:87,1
DA:88,1
DA:94,9
DA:95,3
DA:96,3
DA:97,3
DA:113,2
DA:118,1
DA:119,1
DA:125,9
DA:126,4
DA:127,4
DA:128,4
DA:130,4
DA:131,3
DA:132,1
DA:138,2
DA:139,2
DA:141,2
DA:143,2
DA:144,2
DA:146,1
DA:153,1
DA:154,1
DA:157,2
DA:162,1
DA:163,1
DA:169,9
DA:170,4
DA:171,4
DA:172,4
DA:174,4
DA:175,3
DA:176,1
DA:182,2
DA:183,2
DA:185,2
DA:186,2
DA:188,2
DA:189,2
DA:196,2
DA:197,2
DA:200,2
DA:205,1
DA:206,1
DA:213,9
DA:214,4
DA:215,4
DA:216,4
DA:218,4
DA:220,4
DA:222,3
DA:224,2
DA:226,1
DA:232,1
DA:237,1
DA:238,1
DA:240,1
DA:247,1
DA:248,1
DA:252,9
DA:253,3
DA:254,3
DA:255,3
DA:258,2
DA:259,1
DA:265,1
DA:270,1
DA:271,1
DA:279,9
DA:280,4
DA:281,4
DA:282,4
DA:284,4
DA:285,3
DA:286,1
DA:292,2
DA:293,1
DA:298,1
DA:300,1
DA:301,1
DA:302,1
DA:304,1
DA:306,1
DA:311,1
DA:312,1
DA:319,9
DA:320,4
DA:321,4
DA:322,4
DA:324,4
DA:325,3
DA:326,1
DA:332,2
DA:334,2
DA:335,1
DA:336,1
DA:337,1
DA:343,1
DA:344,1
DA:345,1
DA:352,1
DA:353,1
LF:130
LH:130
BRDA:14,0,0,1
BRDA:14,0,1,3
BRDA:33,1,0,1
BRDA:33,1,1,0
BRDA:60,2,0,1
BRDA:60,2,1,1
BRDA:131,3,0,1
BRDA:131,3,1,2
BRDA:144,4,0,1
BRDA:144,4,1,1
BRDA:175,5,0,1
BRDA:175,5,1,2
BRDA:188,6,0,2
BRDA:188,6,1,0
BRDA:220,7,0,1
BRDA:220,7,1,3
BRDA:224,8,0,1
BRDA:224,8,1,1
BRDA:258,9,0,1
BRDA:258,9,1,1
BRDA:258,10,0,2
BRDA:258,10,1,2
BRDA:285,11,0,1
BRDA:285,11,1,2
BRDA:292,12,0,1
BRDA:292,12,1,1
BRDA:325,13,0,1
BRDA:325,13,1,2
BRDA:334,14,0,1
BRDA:334,14,1,1
BRF:30
BRH:28
end_of_record
TN:
SF:backend\controllers\user.controller.js
FN:14,(anonymous_0)
FN:24,(anonymous_1)
FN:70,(anonymous_2)
FN:102,(anonymous_3)
FN:129,(anonymous_4)
FN:167,(anonymous_5)
FN:202,(anonymous_6)
FN:209,(anonymous_7)
FN:232,(anonymous_8)
FN:243,(anonymous_9)
FN:265,(anonymous_10)
FN:307,(anonymous_11)
FN:324,(anonymous_12)
FN:368,(anonymous_13)
FN:395,(anonymous_14)
FN:423,(anonymous_15)
FNF:16
FNH:16
FNDA:4,(anonymous_0)
FNDA:5,(anonymous_1)
FNDA:4,(anonymous_2)
FNDA:4,(anonymous_3)
FNDA:6,(anonymous_4)
FNDA:7,(anonymous_5)
FNDA:2,(anonymous_6)
FNDA:2,(anonymous_7)
FNDA:2,(anonymous_8)
FNDA:4,(anonymous_9)
FNDA:4,(anonymous_10)
FNDA:3,(anonymous_11)
FNDA:5,(anonymous_12)
FNDA:4,(anonymous_13)
FNDA:4,(anonymous_14)
FNDA:4,(anonymous_15)
DA:12,13
DA:14,13
DA:15,4
DA:16,4
DA:17,4
DA:19,0
DA:20,0
DA:24,13
DA:25,5
DA:26,5
DA:28,5
DA:29,1
DA:33,4
DA:34,4
DA:35,1
DA:39,3
DA:40,2
DA:41,1
DA:44,1
DA:45,1
DA:46,1
DA:48,1
DA:56,1
DA:57,1
DA:59,1
DA:64,1
DA:65,1
DA:70,13
DA:71,4
DA:72,4
DA:74,4
DA:75,1
DA:78,3
DA:80,2
DA:81,1
DA:82,1
DA:88,1
DA:89,1
DA:90,1
DA:91,1
DA:93,1
DA:95,1
DA:97,1
DA:98,1
DA:102,13
DA:103,4
DA:104,4
DA:106,4
DA:107,1
DA:110,3
DA:112,2
DA:113,1
DA:116,1
DA:118,1
DA:120,1
DA:122,1
DA:124,1
DA:125,1
DA:129,13
DA:130,6
DA:131,6
DA:133,6
DA:134,1
DA:137,5
DA:139,4
DA:140,1
DA:143,3
DA:144,1
DA:147,2
DA:148,1
DA:154,1
DA:155,1
DA:156,1
DA:157,1
DA:159,1
DA:161,1
DA:162,1
DA:167,13
DA:168,7
DA:169,7
DA:170,7
DA:171,2
DA:177,5
DA:178,4
DA:179,1
DA:184,3
DA:185,1
DA:191,2
DA:192,2
DA:193,1
DA:199,1
DA:201,1
DA:203,2
DA:204,2
DA:205,2
DA:207,0
DA:209,2
DA:211,1
DA:221,1
DA:228,1
DA:232,13
DA:233,2
DA:234,2
DA:239,1
DA:243,13
DA:244,4
DA:245,4
DA:247,4
DA:248,2
DA:254,2
DA:255,1
DA:260,1
DA:261,1
DA:265,13
DA:266,4
DA:267,4
DA:268,4
DA:269,4
DA:272,4
DA:273,1
DA:279,3
DA:280,3
DA:281,3
DA:284,3
DA:285,2
DA:286,1
DA:291,1
DA:292,1
DA:293,1
DA:295,1
DA:297,1
DA:304,1
DA:307,13
DA:308,3
DA:309,3
DA:310,2
DA:311,0
DA:315,2
DA:320,1
DA:324,13
DA:325,5
DA:326,5
DA:327,5
DA:328,5
DA:329,1
DA:335,4
DA:336,3
DA:338,3
DA:339,1
DA:345,2
DA:347,2
DA:348,1
DA:352,1
DA:354,1
DA:358,1
DA:362,1
DA:368,13
DA:369,4
DA:370,4
DA:372,4
DA:373,1
DA:379,3
DA:383,2
DA:388,1
DA:389,1
DA:395,13
DA:396,4
DA:397,4
DA:399,4
DA:402,3
DA:403,2
DA:409,1
DA:414,1
DA:415,1
DA:423,13
DA:424,4
DA:425,4
DA:427,4
DA:430,3
DA:431,2
DA:437,1
DA:442,1
DA:443,1
LF:183
LH:179
BRDA:17,0,0,4
BRDA:17,0,1,3
BRDA:28,1,0,1
BRDA:28,1,1,4
BRDA:28,2,0,5
BRDA:28,2,1,4
BRDA:28,2,2,4
BRDA:34,3,0,1
BRDA:34,3,1,3
BRDA:40,4,0,1
BRDA:40,4,1,1
BRDA:74,5,0,1
BRDA:74,5,1,3
BRDA:74,6,0,4
BRDA:74,6,1,4
BRDA:80,7,0,1
BRDA:80,7,1,1
BRDA:80,8,0,2
BRDA:80,8,1,1
BRDA:106,9,0,1
BRDA:106,9,1,3
BRDA:112,10,0,1
BRDA:112,10,1,1
BRDA:112,11,0,2
BRDA:112,11,1,1
BRDA:133,12,0,1
BRDA:133,12,1,5
BRDA:133,13,0,6
BRDA:133,13,1,5
BRDA:133,13,2,5
BRDA:133,13,3,5
BRDA:139,14,0,1
BRDA:139,14,1,3
BRDA:143,15,0,1
BRDA:143,15,1,2
BRDA:147,16,0,1
BRDA:147,16,1,1
BRDA:170,17,0,2
BRDA:170,17,1,5
BRDA:170,18,0,7
BRDA:170,18,1,6
BRDA:178,19,0,1
BRDA:178,19,1,3
BRDA:184,20,0,1
BRDA:184,20,1,2
BRDA:192,21,0,1
BRDA:192,21,1,1
BRDA:204,22,0,2
BRDA:204,22,1,0
BRDA:204,23,0,2
BRDA:204,23,1,2
BRDA:204,23,2,2
BRDA:247,24,0,2
BRDA:247,24,1,2
BRDA:247,25,0,4
BRDA:247,25,1,3
BRDA:272,26,0,1
BRDA:272,26,1,3
BRDA:272,27,0,4
BRDA:272,27,1,4
BRDA:279,28,0,3
BRDA:279,28,1,0
BRDA:285,29,0,1
BRDA:285,29,1,1
BRDA:291,30,0,1
BRDA:291,30,1,0
BRDA:292,31,0,1
BRDA:292,31,1,0
BRDA:293,32,0,1
BRDA:293,32,1,0
BRDA:310,33,0,0
BRDA:310,33,1,2
BRDA:328,34,0,1
BRDA:328,34,1,4
BRDA:338,35,0,1
BRDA:338,35,1,2
BRDA:338,36,0,3
BRDA:338,36,1,2
BRDA:347,37,0,1
BRDA:347,37,1,1
BRDA:372,38,0,1
BRDA:372,38,1,3
BRDA:402,39,0,2
BRDA:402,39,1,1
BRDA:430,40,0,2
BRDA:430,40,1,1
BRF:86
BRH:80
end_of_record
TN:
SF:backend\middlewares\Email.config.js
FNF:0
FNH:0
DA:3,13
LF:1
LH:1
BRF:0
BRH:0
end_of_record
TN:
SF:backend\middlewares\Email.js
FN:4,(anonymous_0)
FN:20,(anonymous_1)
FNF:2
FNH:0
FNDA:0,(anonymous_0)
FNDA:0,(anonymous_1)
DA:4,13
DA:5,0
DA:6,0
DA:13,0
DA:15,0
DA:16,0
DA:20,13
DA:21,0
DA:22,0
DA:29,0
DA:32,0
LF:11
LH:2
BRF:0
BRH:0
end_of_record
TN:
SF:backend\models\comment.model.js
FNF:0
FNH:0
DA:2,7
DA:7,7
LF:2
LH:2
BRF:0
BRH:0
end_of_record
TN:
SF:backend\models\message.model.js
FNF:0
FNH:0
DA:3,1
DA:17,1
LF:2
LH:2
BRF:0
BRH:0
end_of_record
TN:
SF:backend\models\post.model.js
FNF:0
FNH:0
DA:3,15
DA:11,15
LF:2
LH:2
BRF:0
BRH:0
end_of_record
TN:
SF:backend\models\user.model.js
FN:11,(anonymous_0)
FNF:1
FNH:0
FNDA:0,(anonymous_0)
DA:3,13
DA:12,0
DA:39,13
LF:3
LH:2
BRF:0
BRH:0
end_of_record
TN:
SF:backend\socket\socket.js
FN:18,(anonymous_0)
FN:20,(anonymous_1)
FN:30,(anonymous_2)
FNF:3
FNH:0
FNDA:0,(anonymous_0)
FNDA:0,(anonymous_1)
FNDA:0,(anonymous_2)
DA:5,9
DA:7,9
DA:9,9
DA:16,9
DA:18,9
DA:20,9
DA:21,0
DA:22,0
DA:23,0
DA:24,0
DA:28,0
DA:30,0
DA:31,0
DA:32,0
DA:34,0
LF:15
LH:6
BRDA:23,0,0,0
BRDA:23,0,1,0
BRDA:31,1,0,0
BRDA:31,1,1,0
BRF:4
BRH:0
end_of_record
TN:
SF:backend\utils\cloudinary.js
FNF:0
FNH:0
DA:3,21
DA:5,21
LF:2
LH:2
BRF:0
BRH:0
end_of_record
TN:
SF:backend\utils\datauri.js
FN:6,(anonymous_0)
FNF:1
FNH:0
FNDA:0,(anonymous_0)
DA:4,12
DA:6,12
DA:7,0
DA:8,0
LF:4
LH:2
BRF:0
BRH:0
end_of_record
